<?xml version="1.0" encoding="UTF-8"?>
<!-- Generated by org.testng.reporters.JUnitReportReporter -->
<testsuite skipped="0" hostname="AGSC52K0X" name="RestAssuredTest" tests="5" failures="0" timestamp="2020-11-06T19:28:46 CST" time="8.344" errors="0">
  <testcase name="RandomeNameNonAuth_Test" time="1.074" classname="RestAssuredTest"/>
  <system-out/>
  <testcase name="PostSameName_Test" time="4.221" classname="RestAssuredTest"/>
  <system-out/>
  <testcase name="RandomeNameAuth_Test" time="1.273" classname="RestAssuredTest"/>
  <system-out/>
  <testcase name="Status_Test" time="0.920" classname="RestAssuredTest"/>
  <system-out/>
  <testcase name="PutName_Test" time="0.856" classname="RestAssuredTest"/>
  <system-out/>
</testsuite> <!-- RestAssuredTest -->
